\BOOKMARK [0][-]{chapter.1}{序論}{}% 1
\BOOKMARK [1][-]{section.1.1}{研究背景}{chapter.1}% 2
\BOOKMARK [1][-]{section.1.2}{QRコードについて}{chapter.1}% 3
\BOOKMARK [1][-]{section.1.3}{本研究の目的}{chapter.1}% 4
\BOOKMARK [0][-]{chapter.2}{カラーQRコードに関する先行研究}{}% 5
\BOOKMARK [1][-]{section.2.1}{ステゴパネル}{chapter.2}% 6
\BOOKMARK [1][-]{section.2.2}{三重大学　寺田らによる研究}{chapter.2}% 7
\BOOKMARK [1][-]{section.2.3}{Henryk Blasinskiらによる研究}{chapter.2}% 8
\BOOKMARK [1][-]{section.2.4}{Nutchanad Taveeradらによる研究}{chapter.2}% 9
\BOOKMARK [0][-]{chapter.3}{カラーQRコードエンコード/デコードシステムの開発}{}% 10
\BOOKMARK [1][-]{section.3.1}{研究目的}{chapter.3}% 11
\BOOKMARK [1][-]{section.3.2}{エンコード方法}{chapter.3}% 12
\BOOKMARK [1][-]{section.3.3}{色空間について}{chapter.3}% 13
\BOOKMARK [1][-]{section.3.4}{デコード方法}{chapter.3}% 14
\BOOKMARK [1][-]{section.3.5}{読み取りアプリの開発}{chapter.3}% 15
\BOOKMARK [0][-]{chapter.4}{検出性能の比較実験}{}% 16
\BOOKMARK [1][-]{section.4.1}{評価実験1}{chapter.4}% 17
\BOOKMARK [1][-]{section.4.2}{実験結果1}{chapter.4}% 18
\BOOKMARK [1][-]{section.4.3}{考察1}{chapter.4}% 19
\BOOKMARK [1][-]{section.4.4}{評価実験2}{chapter.4}% 20
\BOOKMARK [1][-]{section.4.5}{実験結果2}{chapter.4}% 21
\BOOKMARK [1][-]{section.4.6}{考察2}{chapter.4}% 22
\BOOKMARK [0][-]{chapter.5}{カラーQRコードを用いたAIイラストの生成}{}% 23
\BOOKMARK [1][-]{section.5.1}{イラストに見えるQRコード}{chapter.5}% 24
\BOOKMARK [1][-]{section.5.2}{カラーQRコード入力によるアートQRコード生成の利点}{chapter.5}% 25
\BOOKMARK [1][-]{section.5.3}{イラスト生成AIの原理}{chapter.5}% 26
\BOOKMARK [2][-]{subsection.5.3.1}{GAN}{section.5.3}% 27
\BOOKMARK [2][-]{subsection.5.3.2}{潜在拡散モデル}{section.5.3}% 28
\BOOKMARK [1][-]{section.5.4}{使用したソフトとモデル}{chapter.5}% 29
\BOOKMARK [2][-]{subsection.5.4.1}{VAE　\(variational auto encoder\)}{section.5.4}% 30
\BOOKMARK [2][-]{subsection.5.4.2}{チェックポイント\(ckpt\)}{section.5.4}% 31
\BOOKMARK [2][-]{subsection.5.4.3}{controlnet}{section.5.4}% 32
\BOOKMARK [2][-]{subsection.5.4.4}{Kサンプラー}{section.5.4}% 33
\BOOKMARK [2][-]{subsection.5.4.5}{LoRA}{section.5.4}% 34
\BOOKMARK [1][-]{section.5.5}{実験内容}{chapter.5}% 35
\BOOKMARK [1][-]{section.5.6}{実験結果}{chapter.5}% 36
\BOOKMARK [2][-]{subsection.5.6.1}{各controlnetによる出力画像への影響}{section.5.6}% 37
\BOOKMARK [2][-]{subsection.5.6.2}{3種類のcontrolnetを使用した画像生成}{section.5.6}% 38
\BOOKMARK [1][-]{section.5.7}{考察}{chapter.5}% 39
\BOOKMARK [0][-]{chapter.6}{結論}{}% 40
\BOOKMARK [1][-]{section.6.1}{まとめ}{chapter.6}% 41
\BOOKMARK [1][-]{section.6.2}{今後の展望}{chapter.6}% 42
\BOOKMARK [2][-]{subsection.6.2.1}{カラーQRコードの読み取りシステムについて}{section.6.2}% 43
\BOOKMARK [2][-]{subsection.6.2.2}{カラーQRコード入力によるアートQRコードの生成について}{section.6.2}% 44
\BOOKMARK [0][-]{subsection.6.2.2}{参考文献}{}% 45
\BOOKMARK [0][-]{appendix*.90}{謝辞}{}% 46
\BOOKMARK [0][-]{appendix*.91}{発表論文リスト}{}% 47
